
> youth-handbook-backend@1.0.0 dev
> nodemon src/index.js

[33m[nodemon] 3.1.10[39m
[33m[nodemon] to restart at any time, enter `rs`[39m
[33m[nodemon] watching path(s): *.*[39m
[33m[nodemon] watching extensions: js,mjs,cjs,json[39m
[32m[nodemon] starting `node src/index.js`[39m
🚀 Youth Handbook Backend running on port 3001
📊 Health check: http://localhost:3001/api/health
📍 Server address: {"address":"0.0.0.0","family":"IPv4","port":3001}
⏰ Server time: 2026-03-23T15:32:34.585Z
✅ Backend started successfully - ready to accept connections
✅ Prisma connected to database
🔍 Exam time check: {
  examId: 'cmmakylf90009e12vh8i175bh',
  examEndTime: 2026-03-04T19:23:00.000Z,
  examEndDate: '2026-03-04T17:00:00.000Z',
  todayDate: '2026-03-22T17:00:00.000Z',
  isExpired: true
}
[32m[nodemon] restarting due to changes...[39m
[32m[nodemon] starting `node src/index.js`[39m
❌ Server error: listen EADDRINUSE: address already in use 0.0.0.0:3001
❌ Error code: EADDRINUSE
[31m[nodemon] app crashed - waiting for file changes before starting...[39m
[32m[nodemon] restarting due to changes...[39m
[32m[nodemon] starting `node src/index.js`[39m
🚀 Youth Handbook Backend running on port 3001
📊 Health check: http://localhost:3001/api/health
📍 Server address: {"address":"0.0.0.0","family":"IPv4","port":3001}
⏰ Server time: 2026-03-23T16:46:24.000Z
✅ Backend started successfully - ready to accept connections
✅ Prisma connected to database
🔍 Exam time check: {
  examId: 'cmmakylf90009e12vh8i175bh',
  examEndTime: 2026-03-04T19:23:00.000Z,
  examEndDate: '2026-03-04',
  todayDate: '2026-03-23',
  isExpired: true
}
🔍 Exam time check: {
  examId: 'cmmakylf90009e12vh8i175bh',
  examEndTime: 2026-03-04T19:23:00.000Z,
  examEndDate: '2026-03-04',
  todayDate: '2026-03-23',
  isExpired: true
}
[32m[nodemon] restarting due to changes...[39m
[32m[nodemon] starting `node src/index.js`[39m
❌ Server error: listen EADDRINUSE: address already in use 0.0.0.0:3001
❌ Error code: EADDRINUSE
[31m[nodemon] app crashed - waiting for file changes before starting...[39m
[32m[nodemon] restarting due to changes...[39m
[32m[nodemon] starting `node src/index.js`[39m
🚀 Youth Handbook Backend running on port 3001
📊 Health check: http://localhost:3001/api/health
📍 Server address: {"address":"0.0.0.0","family":"IPv4","port":3001}
⏰ Server time: 2026-03-23T17:26:42.919Z
✅ Backend started successfully - ready to accept connections
✅ Prisma connected to database
[32m[nodemon] restarting due to changes...[39m
[32m[nodemon] restarting due to changes...[39m
[32m[nodemon] starting `node src/index.js`[39m
❌ Server error: listen EADDRINUSE: address already in use 0.0.0.0:3001
❌ Error code: EADDRINUSE
[31m[nodemon] app crashed - waiting for file changes before starting...[39m
[32m[nodemon] restarting due to changes...[39m
[32m[nodemon] starting `node src/index.js`[39m
🚀 Youth Handbook Backend running on port 3001
📊 Health check: http://localhost:3001/api/health
📍 Server address: {"address":"0.0.0.0","family":"IPv4","port":3001}
⏰ Server time: 2026-03-23T17:27:24.660Z
✅ Backend started successfully - ready to accept connections
✅ Prisma connected to database
Get books error: TypeError: Cannot read properties of undefined (reading 'findMany')
    at getBooks (C:\Users\X1\Downloads\youth-handbook\backend\src\controllers\bookController.js:27:37)
    at Layer.handle [as handle_request] (C:\Users\X1\Downloads\youth-handbook\backend\node_modules\express\lib\router\layer.js:95:5)
    at next (C:\Users\X1\Downloads\youth-handbook\backend\node_modules\express\lib\router\route.js:144:13)
    at Route.dispatch (C:\Users\X1\Downloads\youth-handbook\backend\node_modules\express\lib\router\route.js:114:3)
    at Layer.handle [as handle_request] (C:\Users\X1\Downloads\youth-handbook\backend\node_modules\express\lib\router\layer.js:95:5)
    at C:\Users\X1\Downloads\youth-handbook\backend\node_modules\express\lib\router\index.js:284:15
    at Function.process_params (C:\Users\X1\Downloads\youth-handbook\backend\node_modules\express\lib\router\index.js:346:12)
    at next (C:\Users\X1\Downloads\youth-handbook\backend\node_modules\express\lib\router\index.js:280:10)
    at protect (C:\Users\X1\Downloads\youth-handbook\backend\src\middleware\auth.js:51:7)
Error: TypeError: Cannot read properties of undefined (reading 'findMany')
    at getBooks (C:\Users\X1\Downloads\youth-handbook\backend\src\controllers\bookController.js:27:37)
    at Layer.handle [as handle_request] (C:\Users\X1\Downloads\youth-handbook\backend\node_modules\express\lib\router\layer.js:95:5)
    at next (C:\Users\X1\Downloads\youth-handbook\backend\node_modules\express\lib\router\route.js:144:13)
    at Route.dispatch (C:\Users\X1\Downloads\youth-handbook\backend\node_modules\express\lib\router\route.js:114:3)
    at Layer.handle [as handle_request] (C:\Users\X1\Downloads\youth-handbook\backend\node_modules\express\lib\router\layer.js:95:5)
    at C:\Users\X1\Downloads\youth-handbook\backend\node_modules\express\lib\router\index.js:284:15
    at Function.process_params (C:\Users\X1\Downloads\youth-handbook\backend\node_modules\express\lib\router\index.js:346:12)
    at next (C:\Users\X1\Downloads\youth-handbook\backend\node_modules\express\lib\router\index.js:280:10)
    at protect (C:\Users\X1\Downloads\youth-handbook\backend\src\middleware\auth.js:51:7)
Get books error: TypeError: Cannot read properties of undefined (reading 'findMany')
    at getBooks (C:\Users\X1\Downloads\youth-handbook\backend\src\controllers\bookController.js:27:37)
    at Layer.handle [as handle_request] (C:\Users\X1\Downloads\youth-handbook\backend\node_modules\express\lib\router\layer.js:95:5)
    at next (C:\Users\X1\Downloads\youth-handbook\backend\node_modules\express\lib\router\route.js:144:13)
    at Route.dispatch (C:\Users\X1\Downloads\youth-handbook\backend\node_modules\express\lib\router\route.js:114:3)
    at Layer.handle [as handle_request] (C:\Users\X1\Downloads\youth-handbook\backend\node_modules\express\lib\router\layer.js:95:5)
    at C:\Users\X1\Downloads\youth-handbook\backend\node_modules\express\lib\router\index.js:284:15
    at Function.process_params (C:\Users\X1\Downloads\youth-handbook\backend\node_modules\express\lib\router\index.js:346:12)
    at next (C:\Users\X1\Downloads\youth-handbook\backend\node_modules\express\lib\router\index.js:280:10)
    at protect (C:\Users\X1\Downloads\youth-handbook\backend\src\middleware\auth.js:51:7)
Error: TypeError: Cannot read properties of undefined (reading 'findMany')
    at getBooks (C:\Users\X1\Downloads\youth-handbook\backend\src\controllers\bookController.js:27:37)
    at Layer.handle [as handle_request] (C:\Users\X1\Downloads\youth-handbook\backend\node_modules\express\lib\router\layer.js:95:5)
    at next (C:\Users\X1\Downloads\youth-handbook\backend\node_modules\express\lib\router\route.js:144:13)
    at Route.dispatch (C:\Users\X1\Downloads\youth-handbook\backend\node_modules\express\lib\router\route.js:114:3)
    at Layer.handle [as handle_request] (C:\Users\X1\Downloads\youth-handbook\backend\node_modules\express\lib\router\layer.js:95:5)
    at C:\Users\X1\Downloads\youth-handbook\backend\node_modules\express\lib\router\index.js:284:15
    at Function.process_params (C:\Users\X1\Downloads\youth-handbook\backend\node_modules\express\lib\router\index.js:346:12)
    at next (C:\Users\X1\Downloads\youth-handbook\backend\node_modules\express\lib\router\index.js:280:10)
    at protect (C:\Users\X1\Downloads\youth-handbook\backend\src\middleware\auth.js:51:7)
Get borrowing stats error: TypeError: Cannot read properties of undefined (reading 'count')
    at getBorrowingStats (C:\Users\X1\Downloads\youth-handbook\backend\src\controllers\bookController.js:431:19)
    at Layer.handle [as handle_request] (C:\Users\X1\Downloads\youth-handbook\backend\node_modules\express\lib\router\layer.js:95:5)
    at next (C:\Users\X1\Downloads\youth-handbook\backend\node_modules\express\lib\router\route.js:144:13)
    at C:\Users\X1\Downloads\youth-handbook\backend\src\middleware\auth.js:137:5
    at Layer.handle [as handle_request] (C:\Users\X1\Downloads\youth-handbook\backend\node_modules\express\lib\router\layer.js:95:5)
    at next (C:\Users\X1\Downloads\youth-handbook\backend\node_modules\express\lib\router\route.js:144:13)
    at Route.dispatch (C:\Users\X1\Downloads\youth-handbook\backend\node_modules\express\lib\router\route.js:114:3)
    at Layer.handle [as handle_request] (C:\Users\X1\Downloads\youth-handbook\backend\node_modules\express\lib\router\layer.js:95:5)
    at C:\Users\X1\Downloads\youth-handbook\backend\node_modules\express\lib\router\index.js:284:15
    at Function.process_params (C:\Users\X1\Downloads\youth-handbook\backend\node_modules\express\lib\router\index.js:346:12)
Error: TypeError: Cannot read properties of undefined (reading 'count')
    at getBorrowingStats (C:\Users\X1\Downloads\youth-handbook\backend\src\controllers\bookController.js:431:19)
    at Layer.handle [as handle_request] (C:\Users\X1\Downloads\youth-handbook\backend\node_modules\express\lib\router\layer.js:95:5)
    at next (C:\Users\X1\Downloads\youth-handbook\backend\node_modules\express\lib\router\route.js:144:13)
    at C:\Users\X1\Downloads\youth-handbook\backend\src\middleware\auth.js:137:5
    at Layer.handle [as handle_request] (C:\Users\X1\Downloads\youth-handbook\backend\node_modules\express\lib\router\layer.js:95:5)
    at next (C:\Users\X1\Downloads\youth-handbook\backend\node_modules\express\lib\router\route.js:144:13)
    at Route.dispatch (C:\Users\X1\Downloads\youth-handbook\backend\node_modules\express\lib\router\route.js:114:3)
    at Layer.handle [as handle_request] (C:\Users\X1\Downloads\youth-handbook\backend\node_modules\express\lib\router\layer.js:95:5)
    at C:\Users\X1\Downloads\youth-handbook\backend\node_modules\express\lib\router\index.js:284:15
    at Function.process_params (C:\Users\X1\Downloads\youth-handbook\backend\node_modules\express\lib\router\index.js:346:12)
Get borrowing stats error: TypeError: Cannot read properties of undefined (reading 'count')
    at getBorrowingStats (C:\Users\X1\Downloads\youth-handbook\backend\src\controllers\bookController.js:431:19)
    at Layer.handle [as handle_request] (C:\Users\X1\Downloads\youth-handbook\backend\node_modules\express\lib\router\layer.js:95:5)
    at next (C:\Users\X1\Downloads\youth-handbook\backend\node_modules\express\lib\router\route.js:144:13)
    at C:\Users\X1\Downloads\youth-handbook\backend\src\middleware\auth.js:137:5
    at Layer.handle [as handle_request] (C:\Users\X1\Downloads\youth-handbook\backend\node_modules\express\lib\router\layer.js:95:5)
    at next (C:\Users\X1\Downloads\youth-handbook\backend\node_modules\express\lib\router\route.js:144:13)
    at Route.dispatch (C:\Users\X1\Downloads\youth-handbook\backend\node_modules\express\lib\router\route.js:114:3)
    at Layer.handle [as handle_request] (C:\Users\X1\Downloads\youth-handbook\backend\node_modules\express\lib\router\layer.js:95:5)
    at C:\Users\X1\Downloads\youth-handbook\backend\node_modules\express\lib\router\index.js:284:15
    at Function.process_params (C:\Users\X1\Downloads\youth-handbook\backend\node_modules\express\lib\router\index.js:346:12)
Error: TypeError: Cannot read properties of undefined (reading 'count')
    at getBorrowingStats (C:\Users\X1\Downloads\youth-handbook\backend\src\controllers\bookController.js:431:19)
    at Layer.handle [as handle_request] (C:\Users\X1\Downloads\youth-handbook\backend\node_modules\express\lib\router\layer.js:95:5)
    at next (C:\Users\X1\Downloads\youth-handbook\backend\node_modules\express\lib\router\route.js:144:13)
    at C:\Users\X1\Downloads\youth-handbook\backend\src\middleware\auth.js:137:5
    at Layer.handle [as handle_request] (C:\Users\X1\Downloads\youth-handbook\backend\node_modules\express\lib\router\layer.js:95:5)
    at next (C:\Users\X1\Downloads\youth-handbook\backend\node_modules\express\lib\router\route.js:144:13)
    at Route.dispatch (C:\Users\X1\Downloads\youth-handbook\backend\node_modules\express\lib\router\route.js:114:3)
    at Layer.handle [as handle_request] (C:\Users\X1\Downloads\youth-handbook\backend\node_modules\express\lib\router\layer.js:95:5)
    at C:\Users\X1\Downloads\youth-handbook\backend\node_modules\express\lib\router\index.js:284:15
    at Function.process_params (C:\Users\X1\Downloads\youth-handbook\backend\node_modules\express\lib\router\index.js:346:12)
prisma:error Error in PostgreSQL connection: Error { kind: Io, cause: Some(Os { code: 10054, kind: ConnectionReset, message: "An existing connection was forcibly closed by the remote host." }) }
prisma:error 
Invalid `prisma.$queryRaw()` invocation:


Can't reach database server at `ep-lingering-dawn-a1d7mk50-pooler.ap-southeast-1.aws.neon.tech:5432`

Please make sure your database server is running at `ep-lingering-dawn-a1d7mk50-pooler.ap-southeast-1.aws.neon.tech:5432`.
⚠️ Prisma keep-alive ping failed, reconnecting...
prisma:error Error in PostgreSQL connection: Error { kind: Io, cause: Some(Os { code: 10054, kind: ConnectionReset, message: "An existing connection was forcibly closed by the remote host." }) }
✅ Prisma reconnected successfully
prisma:error Error in PostgreSQL connection: Error { kind: Io, cause: Some(Os { code: 10054, kind: ConnectionReset, message: "An existing connection was forcibly closed by the remote host." }) }
[31m[nodemon] app crashed - waiting for file changes before starting...[39m
[32m[nodemon] restarting due to changes...[39m
[32m[nodemon] starting `node src/index.js`[39m
❌ Server error: listen EADDRINUSE: address already in use 0.0.0.0:3001
❌ Error code: EADDRINUSE
[31m[nodemon] app crashed - waiting for file changes before starting...[39m
[32m[nodemon] restarting due to changes...[39m
[32m[nodemon] starting `node src/index.js`[39m
❌ Server error: listen EADDRINUSE: address already in use 0.0.0.0:3001
❌ Error code: EADDRINUSE
[31m[nodemon] app crashed - waiting for file changes before starting...[39m
[32m[nodemon] restarting due to changes...[39m
[32m[nodemon] starting `node src/index.js`[39m
❌ Server error: listen EADDRINUSE: address already in use 0.0.0.0:3001
❌ Error code: EADDRINUSE
[31m[nodemon] app crashed - waiting for file changes before starting...[39m
